2023.04.06 16:02:21 INFO  Started: Metals version 0.11.11 in workspace '/Users/samueljacobs/Documents/script test' for client Visual Studio Code 1.75.1.[0m
SLF4J: No SLF4J providers were found.
SLF4J: Defaulting to no-operation (NOP) logger implementation
SLF4J: See https://www.slf4j.org/codes.html#noProviders for further details.
SLF4J: Class path contains SLF4J bindings targeting slf4j-api versions 1.7.x or earlier.
SLF4J: Ignoring binding found at [jar:file:/Users/samueljacobs/Library/Caches/Coursier/v1/https/repo1.maven.org/maven2/com/outr/scribe-slf4j_2.13/3.11.0/scribe-slf4j_2.13-3.11.0.jar!/org/slf4j/impl/StaticLoggerBinder.class]
SLF4J: See https://www.slf4j.org/codes.html#ignoredBindings for an explanation.
2023.04.06 16:02:21 INFO  time: initialize in 0.29s[0m
2023.04.06 16:02:22 WARN  Build server is not auto-connectable.[0m
2023.04.06 16:02:22 WARN  no build tool detected in workspace '/Users/samueljacobs/Documents/script test'. The most common cause for this problem is that the editor was opened in the wrong working directory, for example if you use sbt then the workspace directory should contain build.sbt. [0m
2023.04.06 16:02:22 WARN  no build target for: /Users/samueljacobs/Documents/script test/NewEndpoint1Controller.scala[0m
2023.04.06 16:02:26 INFO  no build target found for /Users/samueljacobs/Documents/script test/NewEndpoint1Controller.scala. Using presentation compiler with project's scala-library version: 3.2.2[0m
2023.04.06 16:02:26 INFO  time: code lens generation in 4.34s[0m
2023.04.06 16:02:26 INFO  time: code lens generation in 1.44s[0m
2023.04.06 16:18:44 WARN  no build target for: /Users/samueljacobs/Documents/script test/controllers/TestController.scala[0m
2023.04.06 16:18:57 WARN  no build target for: /Users/samueljacobs/Documents/script test/generators/TestRequestParser.scala[0m
2023.04.06 16:19:36 WARN  no build target for: /Users/samueljacobs/Documents/script test/controllers/TestController.scala[0m
2023.04.06 16:20:00 WARN  no build target for: /Users/samueljacobs/Documents/script test/controllers/TestController.scala[0m
2023.04.06 16:20:03 WARN  no build target for: /Users/samueljacobs/Documents/script test/controllers/requestParsers/TestRequestParser.scala[0m
2023.04.06 16:21:33 WARN  no build target for: /Users/samueljacobs/Documents/script test/controllers/requestParsers/TestRequestParser.scala[0m
2023.04.06 16:21:34 WARN  no build target for: /Users/samueljacobs/Documents/script test/controllers/TestController.scala[0m
2023.04.06 16:22:01 WARN  no build target for: /Users/samueljacobs/Documents/script test/controllers/PropertyBusinessController.scala[0m
2023.04.06 16:22:06 WARN  no build target for: /Users/samueljacobs/Documents/script test/controllers/requestParsers/PropertyBusinessRequestParser.scala[0m
2023.04.06 16:22:16 WARN  no build target for: /Users/samueljacobs/Documents/script test/controllers/PropertyBusinessController.scala[0m
2023.04.06 16:22:23 WARN  no build target for: /Users/samueljacobs/Documents/script test/controllers/PropertyBusinessController.scala[0m
2023.04.06 16:22:25 WARN  no build target for: /Users/samueljacobs/Documents/script test/controllers/requestParsers/PropertyBusinessRequestParser.scala[0m
2023.04.06 16:33:37 WARN  no build target for: /Users/samueljacobs/Documents/script test/controllers/PropertyBusinessController.scala[0m
2023.04.06 16:33:41 WARN  no build target for: /Users/samueljacobs/Documents/script test/controllers/requestParsers/PropertyBusinessRequestParser.scala[0m
2023.04.06 16:34:29 WARN  no build target for: /Users/samueljacobs/Documents/script test/controllers/requestParsers/validators/PropertyBusinessValidator.scala[0m
2023.04.06 16:34:33 WARN  no build target for: /Users/samueljacobs/Documents/script test/connectors/PropertyBusinessConnector.scala[0m
2023.04.06 16:35:02 WARN  no build target for: /Users/samueljacobs/Documents/script test/connectors/PropertyBusinessConnector.scala[0m
2023.04.06 16:35:04 WARN  no build target for: /Users/samueljacobs/Documents/script test/services/PropertyBusinessService.scala[0m
2023.04.06 16:35:44 WARN  no build target for: /Users/samueljacobs/Documents/script test/services/PropertyBusinessService.scala[0m
2023.04.06 16:35:45 WARN  no build target for: /Users/samueljacobs/Documents/script test/controllers/PropertyBusinessController.scala[0m
2023.04.06 16:35:47 WARN  no build target for: /Users/samueljacobs/Documents/script test/controllers/requestParsers/PropertyBusinessRequestParser.scala[0m
2023.04.06 16:35:48 WARN  no build target for: /Users/samueljacobs/Documents/script test/controllers/requestParsers/validators/PropertyBusinessValidator.scala[0m
2023.04.06 16:35:50 WARN  no build target for: /Users/samueljacobs/Documents/script test/connectors/PropertyBusinessConnector.scala[0m
2023.04.06 16:36:33 WARN  no build target for: /Users/samueljacobs/Documents/script test/services/PropertyBusinessService.scala[0m
2023.04.06 16:36:36 WARN  no build target for: /Users/samueljacobs/Documents/script test/controllers/TestController.scala[0m
2023.04.06 16:36:37 WARN  no build target for: /Users/samueljacobs/Documents/script test/controllers/PropertyBusinessController.scala[0m
2023.04.06 16:36:39 WARN  no build target for: /Users/samueljacobs/Documents/script test/controllers/requestParsers/TestRequestParser.scala[0m
2023.04.06 16:36:40 WARN  no build target for: /Users/samueljacobs/Documents/script test/controllers/requestParsers/PropertyBusinessRequestParser.scala[0m
2023.04.06 16:36:41 WARN  no build target for: /Users/samueljacobs/Documents/script test/controllers/requestParsers/validators/PropertyBusinessValidator.scala[0m
2023.04.06 16:36:43 WARN  no build target for: /Users/samueljacobs/Documents/script test/connectors/PropertyBusinessConnector.scala[0m
2023.04.06 16:40:00 WARN  no build target for: /Users/samueljacobs/Documents/script test/api/connectors/PropertyBusinessConnector.scala[0m
2023.04.06 16:40:36 WARN  no build target for: /Users/samueljacobs/Documents/script test/api/connectors/NewEndpoint111Connector.scala[0m
2023.04.06 16:40:39 WARN  no build target for: /Users/samueljacobs/Documents/script test/api/controllers/requestParsers/validators/NewEndpoint111Validator.scala[0m
2023.04.06 16:40:42 WARN  no build target for: /Users/samueljacobs/Documents/script test/api/controllers/requestParsers/NewEndpoint111RequestParser.scala[0m
2023.04.06 16:40:45 WARN  no build target for: /Users/samueljacobs/Documents/script test/api/controllers/NewEndpoint111Controller.scala[0m
2023.04.06 17:02:09 WARN  no build target for: /Users/samueljacobs/Documents/script test/test/hold.scala[0m
2023.04.06 17:02:09 WARN  no build target for: /Users/samueljacobs/Documents/script test/test/hold.scala[0m
2023.04.06 17:19:50 INFO  Shutting down server[0m
2023.04.06 17:19:50 INFO  shutting down Metals[0m
2023.04.06 17:19:50 INFO  Exiting server[0m
